Symbol range map extraction starting
Processing 148 files
processing keystrokesmod/client/clickgui/raven/ClickGui.java
processing keystrokesmod/client/clickgui/raven/Component.java
processing keystrokesmod/client/clickgui/raven/Terminal.java
processing keystrokesmod/client/clickgui/raven/components/BindComponent.java
processing keystrokesmod/client/clickgui/raven/components/BindStage.java
processing keystrokesmod/client/clickgui/raven/components/CategoryComponent.java
processing keystrokesmod/client/clickgui/raven/components/DescriptionComponent.java
processing keystrokesmod/client/clickgui/raven/components/ModeComponent.java
processing keystrokesmod/client/clickgui/raven/components/ModuleComponent.java
processing keystrokesmod/client/clickgui/raven/components/RangeSliderComponent.java
processing keystrokesmod/client/clickgui/raven/components/SliderComponent.java
processing keystrokesmod/client/clickgui/raven/components/TickComponent.java
processing keystrokesmod/client/clickgui/theme/Theme.java
processing keystrokesmod/client/clickgui/theme/themes/ArcDark.java
processing keystrokesmod/client/clickgui/theme/themes/MaterialDark.java
processing keystrokesmod/client/clickgui/theme/themes/RavenB3.java
processing keystrokesmod/client/clickgui/theme/themes/Vape.java
processing keystrokesmod/client/command/Command.java
processing keystrokesmod/client/command/CommandManager.java
processing keystrokesmod/client/command/commands/Clear.java
processing keystrokesmod/client/command/commands/Cname.java
processing keystrokesmod/client/command/commands/ConfigCommand.java
processing keystrokesmod/client/command/commands/Debug.java
processing keystrokesmod/client/command/commands/Discord.java
processing keystrokesmod/client/command/commands/Duels.java
processing keystrokesmod/client/command/commands/F3Name.java
processing keystrokesmod/client/command/commands/Fakechat.java
processing keystrokesmod/client/command/commands/Friends.java
processing keystrokesmod/client/command/commands/Help.java
processing keystrokesmod/client/command/commands/Nick.java
processing keystrokesmod/client/command/commands/Ping.java
processing keystrokesmod/client/command/commands/SetKey.java
processing keystrokesmod/client/command/commands/Shoutout.java
processing keystrokesmod/client/command/commands/Update.java
processing keystrokesmod/client/command/commands/Uwu.java
processing keystrokesmod/client/command/commands/VersionCommand.java
processing keystrokesmod/client/config/Config.java
processing keystrokesmod/client/config/ConfigManager.java
processing keystrokesmod/client/main/ClientConfig.java
processing keystrokesmod/client/main/FontRenderer.java
processing keystrokesmod/client/main/LaunchTracker.java
processing keystrokesmod/client/main/Raven.java
processing keystrokesmod/client/module/Module.java
processing keystrokesmod/client/module/ModuleManager.java
processing keystrokesmod/client/module/modules/HUD.java
processing keystrokesmod/client/module/modules/client/ClientNameSpoof.java
processing keystrokesmod/client/module/modules/client/FPSSpoofer.java
processing keystrokesmod/client/module/modules/client/GuiModule.java
processing keystrokesmod/client/module/modules/client/SelfDestruct.java
processing keystrokesmod/client/module/modules/client/Terminal.java
processing keystrokesmod/client/module/modules/client/UpdateCheck.java
processing keystrokesmod/client/module/modules/combat/AimAssist.java
processing keystrokesmod/client/module/modules/combat/AntiBot.java
processing keystrokesmod/client/module/modules/combat/AutoBlock.java
processing keystrokesmod/client/module/modules/combat/AutoWeapon.java
processing keystrokesmod/client/module/modules/combat/BlockHit.java
processing keystrokesmod/client/module/modules/combat/BurstClicker.java
processing keystrokesmod/client/module/modules/combat/ClickAssist.java
processing keystrokesmod/client/module/modules/combat/DelayRemover.java
processing keystrokesmod/client/module/modules/combat/HitBox.java
processing keystrokesmod/client/module/modules/combat/LeftClicker.java
processing keystrokesmod/client/module/modules/combat/Reach.java
processing keystrokesmod/client/module/modules/combat/Velocity.java
processing keystrokesmod/client/module/modules/combat/WTap.java
processing keystrokesmod/client/module/modules/minigames/BedwarsOverlay.java
processing keystrokesmod/client/module/modules/minigames/BridgeInfo.java
processing keystrokesmod/client/module/modules/minigames/DuelsStats.java
processing keystrokesmod/client/module/modules/minigames/MurderMystery.java
processing keystrokesmod/client/module/modules/minigames/SumoFences.java
processing keystrokesmod/client/module/modules/movement/AutoHeader.java
processing keystrokesmod/client/module/modules/movement/BHop.java
processing keystrokesmod/client/module/modules/movement/Boost.java
processing keystrokesmod/client/module/modules/movement/Fly.java
processing keystrokesmod/client/module/modules/movement/InvMove.java
processing keystrokesmod/client/module/modules/movement/KeepSprint.java
processing keystrokesmod/client/module/modules/movement/NoSlow.java
processing keystrokesmod/client/module/modules/movement/SlyPort.java
processing keystrokesmod/client/module/modules/movement/Speed.java
processing keystrokesmod/client/module/modules/movement/Sprint.java
processing keystrokesmod/client/module/modules/movement/StopMotion.java
processing keystrokesmod/client/module/modules/movement/Timer.java
processing keystrokesmod/client/module/modules/movement/VClip.java
processing keystrokesmod/client/module/modules/other/FakeChat.java
processing keystrokesmod/client/module/modules/other/MiddleClick.java
processing keystrokesmod/client/module/modules/other/NameHider.java
processing keystrokesmod/client/module/modules/other/StringEncrypt.java
processing keystrokesmod/client/module/modules/other/WaterBucket.java
processing keystrokesmod/client/module/modules/player/AutoJump.java
processing keystrokesmod/client/module/modules/player/AutoPlace.java
processing keystrokesmod/client/module/modules/player/AutoTool.java
processing keystrokesmod/client/module/modules/player/BedAura.java
processing keystrokesmod/client/module/modules/player/BridgeAssist.java
processing keystrokesmod/client/module/modules/player/FallSpeed.java
processing keystrokesmod/client/module/modules/player/FastPlace.java
processing keystrokesmod/client/module/modules/player/Freecam.java
processing keystrokesmod/client/module/modules/player/NoFall.java
processing keystrokesmod/client/module/modules/player/RightClicker.java
processing keystrokesmod/client/module/modules/player/SafeWalk.java
processing keystrokesmod/client/module/modules/render/AntiShuffle.java
processing keystrokesmod/client/module/modules/render/Chams.java
processing keystrokesmod/client/module/modules/render/ChestESP.java
processing keystrokesmod/client/module/modules/render/ExplicitB9NameTags.java
processing keystrokesmod/client/module/modules/render/Fullbright.java
processing keystrokesmod/client/module/modules/render/Nametags.java
processing keystrokesmod/client/module/modules/render/PlayerESP.java
processing keystrokesmod/client/module/modules/render/TargetHUD.java
processing keystrokesmod/client/module/modules/render/Tracers.java
processing keystrokesmod/client/module/modules/render/Xray.java
processing keystrokesmod/client/module/setting/Setting.java
processing keystrokesmod/client/module/setting/impl/ComboSetting.java
processing keystrokesmod/client/module/setting/impl/DescriptionSetting.java
processing keystrokesmod/client/module/setting/impl/DoubleSliderSetting.java
processing keystrokesmod/client/module/setting/impl/SliderSetting.java
processing keystrokesmod/client/module/setting/impl/TickSetting.java
processing keystrokesmod/client/tweaker/ASMEventHandler.java
processing keystrokesmod/client/tweaker/ASMTransformerClass.java
processing keystrokesmod/client/tweaker/FMLLoadingPlugin.java
processing keystrokesmod/client/tweaker/interfaces/IThrowableItem.java
processing keystrokesmod/client/tweaker/transformers/Transformer.java
processing keystrokesmod/client/tweaker/transformers/TransformerEntity.java
processing keystrokesmod/client/tweaker/transformers/TransformerEntityPlayer.java
processing keystrokesmod/client/tweaker/transformers/TransformerEntityPlayerSP.java
processing keystrokesmod/client/tweaker/transformers/TransformerFMLCommonHandler.java
processing keystrokesmod/client/tweaker/transformers/TransformerFontRenderer.java
processing keystrokesmod/client/tweaker/transformers/TransformerGuiUtilRenderComponents.java
processing keystrokesmod/client/tweaker/transformers/TransformerMinecraft.java
processing keystrokesmod/client/tweaker/transformers/TransformerSplashProgress.java
processing keystrokesmod/client/tweaker/transformers/TransformerThrowableItem.java
processing keystrokesmod/client/utils/ChatHelper.java
processing keystrokesmod/client/utils/CombatUtils.java
processing keystrokesmod/client/utils/CoolDown.java
processing keystrokesmod/client/utils/DebugInfoRenderer.java
processing keystrokesmod/client/utils/DimensionHelper.java
processing keystrokesmod/client/utils/MouseManager.java
processing keystrokesmod/client/utils/RenderUtils.java
processing keystrokesmod/client/utils/Timer.java
processing keystrokesmod/client/utils/Utils.java
processing keystrokesmod/client/utils/profile/PlayerProfile.java
processing keystrokesmod/client/utils/profile/UUID.java
processing keystrokesmod/client/utils/version/Version.java
processing keystrokesmod/client/utils/version/VersionManager.java
processing keystrokesmod/keystroke/KeyStroke.java
processing keystrokesmod/keystroke/KeyStrokeCommand.java
processing keystrokesmod/keystroke/KeyStrokeConfigGui.java
processing keystrokesmod/keystroke/KeyStrokeKeyRenderer.java
processing keystrokesmod/keystroke/KeyStrokeMod.java
processing keystrokesmod/keystroke/KeyStrokeMouse.java
processing keystrokesmod/keystroke/KeyStrokeRenderer.java
